<?xml version="1.0" encoding="UTF-8"?>
<testsuite xmlns:xsi="http://www.w3.org/2001/XMLSchema-instance" xsi:noNamespaceSchemaLocation="https://maven.apache.org/surefire/maven-surefire-plugin/xsd/surefire-test-report.xsd" name="runners.RegressionRunner" time="0.653" tests="164" errors="0" skipped="4" failures="2">
  <properties>
    <property name="gopherProxySet" value="false"/>
    <property name="awt.toolkit" value="sun.lwawt.macosx.LWCToolkit"/>
    <property name="file.encoding.pkg" value="sun.io"/>
    <property name="java.specification.version" value="1.8"/>
    <property name="sun.cpu.isalist" value=""/>
    <property name="sun.jnu.encoding" value="UTF-8"/>
    <property name="java.class.path" value="/Users/askarmusakunov/Documents/SDET/cucumberFall2020/target/test-classes:/Users/askarmusakunov/Documents/SDET/cucumberFall2020/target/classes:/Users/askarmusakunov/.m2/repository/junit/junit/4.12/junit-4.12.jar:/Users/askarmusakunov/.m2/repository/org/hamcrest/hamcrest-core/1.3/hamcrest-core-1.3.jar:/Users/askarmusakunov/.m2/repository/info/cukes/cucumber-java/1.2.5/cucumber-java-1.2.5.jar:/Users/askarmusakunov/.m2/repository/info/cukes/cucumber-core/1.2.5/cucumber-core-1.2.5.jar:/Users/askarmusakunov/.m2/repository/info/cukes/cucumber-html/0.2.3/cucumber-html-0.2.3.jar:/Users/askarmusakunov/.m2/repository/info/cukes/cucumber-jvm-deps/1.0.5/cucumber-jvm-deps-1.0.5.jar:/Users/askarmusakunov/.m2/repository/info/cukes/gherkin/2.12.2/gherkin-2.12.2.jar:/Users/askarmusakunov/.m2/repository/info/cukes/cucumber-junit/1.2.5/cucumber-junit-1.2.5.jar:"/>
    <property name="java.vm.vendor" value="Oracle Corporation"/>
    <property name="sun.arch.data.model" value="64"/>
    <property name="java.vendor.url" value="http://java.oracle.com/"/>
    <property name="user.timezone" value=""/>
    <property name="java.vm.specification.version" value="1.8"/>
    <property name="os.name" value="Mac OS X"/>
    <property name="user.country" value="US"/>
    <property name="sun.java.launcher" value="SUN_STANDARD"/>
    <property name="sun.boot.library.path" value="/Library/Java/JavaVirtualMachines/jdk1.8.0_241.jdk/Contents/Home/jre/lib"/>
    <property name="sun.java.command" value="/Users/askarmusakunov/Documents/SDET/cucumberFall2020/target/surefire/surefirebooter8023367757792992111.jar /Users/askarmusakunov/Documents/SDET/cucumberFall2020/target/surefire 2021-02-26T20-39-58_143-jvmRun1 surefire2317526357142369107tmp surefire_03481218703779680841tmp"/>
    <property name="http.nonProxyHosts" value="local|*.local|169.254/16|*.169.254/16"/>
    <property name="surefire.test.class.path" value="/Users/askarmusakunov/Documents/SDET/cucumberFall2020/target/test-classes:/Users/askarmusakunov/Documents/SDET/cucumberFall2020/target/classes:/Users/askarmusakunov/.m2/repository/junit/junit/4.12/junit-4.12.jar:/Users/askarmusakunov/.m2/repository/org/hamcrest/hamcrest-core/1.3/hamcrest-core-1.3.jar:/Users/askarmusakunov/.m2/repository/info/cukes/cucumber-java/1.2.5/cucumber-java-1.2.5.jar:/Users/askarmusakunov/.m2/repository/info/cukes/cucumber-core/1.2.5/cucumber-core-1.2.5.jar:/Users/askarmusakunov/.m2/repository/info/cukes/cucumber-html/0.2.3/cucumber-html-0.2.3.jar:/Users/askarmusakunov/.m2/repository/info/cukes/cucumber-jvm-deps/1.0.5/cucumber-jvm-deps-1.0.5.jar:/Users/askarmusakunov/.m2/repository/info/cukes/gherkin/2.12.2/gherkin-2.12.2.jar:/Users/askarmusakunov/.m2/repository/info/cukes/cucumber-junit/1.2.5/cucumber-junit-1.2.5.jar:"/>
    <property name="sun.cpu.endian" value="little"/>
    <property name="user.home" value="/Users/askarmusakunov"/>
    <property name="user.language" value="en"/>
    <property name="java.specification.vendor" value="Oracle Corporation"/>
    <property name="java.home" value="/Library/Java/JavaVirtualMachines/jdk1.8.0_241.jdk/Contents/Home/jre"/>
    <property name="basedir" value="/Users/askarmusakunov/Documents/SDET/cucumberFall2020"/>
    <property name="file.separator" value="/"/>
    <property name="line.separator" value="&#10;"/>
    <property name="java.vm.specification.vendor" value="Oracle Corporation"/>
    <property name="java.specification.name" value="Java Platform API Specification"/>
    <property name="java.awt.graphicsenv" value="sun.awt.CGraphicsEnvironment"/>
    <property name="idea.version2020.1.2" value="true"/>
    <property name="surefire.real.class.path" value="/Users/askarmusakunov/Documents/SDET/cucumberFall2020/target/surefire/surefirebooter8023367757792992111.jar"/>
    <property name="sun.boot.class.path" value="/Library/Java/JavaVirtualMachines/jdk1.8.0_241.jdk/Contents/Home/jre/lib/resources.jar:/Library/Java/JavaVirtualMachines/jdk1.8.0_241.jdk/Contents/Home/jre/lib/rt.jar:/Library/Java/JavaVirtualMachines/jdk1.8.0_241.jdk/Contents/Home/jre/lib/sunrsasign.jar:/Library/Java/JavaVirtualMachines/jdk1.8.0_241.jdk/Contents/Home/jre/lib/jsse.jar:/Library/Java/JavaVirtualMachines/jdk1.8.0_241.jdk/Contents/Home/jre/lib/jce.jar:/Library/Java/JavaVirtualMachines/jdk1.8.0_241.jdk/Contents/Home/jre/lib/charsets.jar:/Library/Java/JavaVirtualMachines/jdk1.8.0_241.jdk/Contents/Home/jre/lib/jfr.jar:/Library/Java/JavaVirtualMachines/jdk1.8.0_241.jdk/Contents/Home/jre/classes"/>
    <property name="sun.management.compiler" value="HotSpot 64-Bit Tiered Compilers"/>
    <property name="ftp.nonProxyHosts" value="local|*.local|169.254/16|*.169.254/16"/>
    <property name="java.runtime.version" value="1.8.0_241-b07"/>
    <property name="user.name" value="askarmusakunov"/>
    <property name="path.separator" value=":"/>
    <property name="os.version" value="10.15.3"/>
    <property name="java.endorsed.dirs" value="/Library/Java/JavaVirtualMachines/jdk1.8.0_241.jdk/Contents/Home/jre/lib/endorsed"/>
    <property name="java.runtime.name" value="Java(TM) SE Runtime Environment"/>
    <property name="file.encoding" value="UTF-8"/>
    <property name="java.vm.name" value="Java HotSpot(TM) 64-Bit Server VM"/>
    <property name="localRepository" value="/Users/askarmusakunov/.m2/repository"/>
    <property name="java.vendor.url.bug" value="http://bugreport.sun.com/bugreport/"/>
    <property name="java.io.tmpdir" value="/var/folders/vf/z9ll37j94yj49hrxqk8ckyvr0000gn/T/"/>
    <property name="java.version" value="1.8.0_241"/>
    <property name="user.dir" value="/Users/askarmusakunov/Documents/SDET/cucumberFall2020"/>
    <property name="os.arch" value="x86_64"/>
    <property name="java.vm.specification.name" value="Java Virtual Machine Specification"/>
    <property name="java.awt.printerjob" value="sun.lwawt.macosx.CPrinterJob"/>
    <property name="sun.os.patch.level" value="unknown"/>
    <property name="java.library.path" value="/Users/askarmusakunov/Library/Java/Extensions:/Library/Java/Extensions:/Network/Library/Java/Extensions:/System/Library/Java/Extensions:/usr/lib/java:."/>
    <property name="java.vm.info" value="mixed mode"/>
    <property name="java.vendor" value="Oracle Corporation"/>
    <property name="java.vm.version" value="25.241-b07"/>
    <property name="java.ext.dirs" value="/Users/askarmusakunov/Library/Java/Extensions:/Library/Java/JavaVirtualMachines/jdk1.8.0_241.jdk/Contents/Home/jre/lib/ext:/Library/Java/Extensions:/Network/Library/Java/Extensions:/System/Library/Java/Extensions:/usr/lib/java"/>
    <property name="sun.io.unicode.encoding" value="UnicodeBig"/>
    <property name="java.class.version" value="52.0"/>
    <property name="socksNonProxyHosts" value="local|*.local|169.254/16|*.169.254/16"/>
  </properties>
  <testcase name="Given User &quot;johnDoe@gmail.com&quot; with password &quot;ExtreamnelyHardPa$$&quot; is registered" classname="Scenario: Integer Params - Buy functionality" time="0.003"/>
  <testcase name="Given User &quot;johnDoe@gmail.com&quot; with password &quot;ExtreamnelyHardPa$$&quot; is registered" classname="Scenario: Integer Params - Buy functionality" time="0"/>
  <testcase name="Given User &quot;johnDoe@gmail.com&quot; with password &quot;ExtreamnelyHardPa$$&quot; is registered" classname="Scenario: Integer Params - Buy functionality" time="0"/>
  <testcase name="When User &quot;johnDoe@gmail.com&quot; with password &quot;ExtreamnelyHardPa$$&quot; logs in" classname="Scenario: Integer Params - Buy functionality" time="0"/>
  <testcase name="When User &quot;johnDoe@gmail.com&quot; with password &quot;ExtreamnelyHardPa$$&quot; logs in" classname="Scenario: Integer Params - Buy functionality" time="0.001"/>
  <testcase name="When User &quot;johnDoe@gmail.com&quot; with password &quot;ExtreamnelyHardPa$$&quot; logs in" classname="Scenario: Integer Params - Buy functionality" time="0"/>
  <testcase name="And User &quot;johnDoe@gmail.com&quot; should be navigated to HomePage" classname="Scenario: Integer Params - Buy functionality" time="0"/>
  <testcase name="And User &quot;johnDoe@gmail.com&quot; should be navigated to HomePage" classname="Scenario: Integer Params - Buy functionality" time="0"/>
  <testcase name="And User &quot;johnDoe@gmail.com&quot; should be navigated to HomePage" classname="Scenario: Integer Params - Buy functionality" time="0"/>
  <testcase name="And User buys 20 &quot;Iphones&quot;" classname="Scenario: Integer Params - Buy functionality" time="0"/>
  <testcase name="And User buys 20 &quot;Iphones&quot;" classname="Scenario: Integer Params - Buy functionality" time="0"/>
  <testcase name="And User buys 20 &quot;Iphones&quot;" classname="Scenario: Integer Params - Buy functionality" time="0"/>
  <testcase name="Then User should have 20 &quot;Iphones&quot;" classname="Scenario: Integer Params - Buy functionality" time="0"/>
  <testcase name="Then User should have 20 &quot;Iphones&quot;" classname="Scenario: Integer Params - Buy functionality" time="0"/>
  <testcase name="Scenario: Integer Params - Buy functionality" classname="Scenario: Integer Params - Buy functionality" time="0.012"/>
  <testcase name="Scenario: Integer Params - Buy functionality" classname="Scenario: Integer Params - Buy functionality" time="0"/>
  <testcase name="Scenario: Integer Params - Buy functionality" classname="Scenario: Integer Params - Buy functionality" time="0.001"/>
  <testcase name="Given User &quot;johnDoe@gmail.com&quot; with password &quot;ExtreamnelyHardPa$$&quot; is registered" classname="Scenario: Double Params - Buy functionality" time="0"/>
  <testcase name="Given User &quot;johnDoe@gmail.com&quot; with password &quot;ExtreamnelyHardPa$$&quot; is registered" classname="Scenario: Double Params - Buy functionality" time="0"/>
  <testcase name="When User &quot;johnDoe@gmail.com&quot; with password &quot;ExtreamnelyHardPa$$&quot; logs in" classname="Scenario: Double Params - Buy functionality" time="0"/>
  <testcase name="And User &quot;johnDoe@gmail.com&quot; should be navigated to HomePage" classname="Scenario: Double Params - Buy functionality" time="0"/>
  <testcase name="And User &quot;johnDoe@gmail.com&quot; should be navigated to HomePage" classname="Scenario: Double Params - Buy functionality" time="0"/>
  <testcase name="When User buys 20 &quot;Iphones&quot;" classname="Scenario: Double Params - Buy functionality" time="0.001"/>
  <testcase name="When User buys 20 &quot;Iphones&quot;" classname="Scenario: Double Params - Buy functionality" time="0"/>
  <testcase name="Then User total should be $2000.55" classname="Scenario: Double Params - Buy functionality" time="0"/>
  <testcase name="Then User total should be $2000.55" classname="Scenario: Double Params - Buy functionality" time="0.001"/>
  <testcase name="Scenario: Double Params - Buy functionality" classname="Scenario: Double Params - Buy functionality" time="0.001"/>
  <testcase name="Scenario: Double Params - Buy functionality" classname="Scenario: Double Params - Buy functionality" time="0.003"/>
  <testcase name="Given User &quot;johnDoe@gmail.com&quot; with password &quot;ExtreamnelyHardPa$$&quot; is registered" classname="Scenario: Char Params - Buy functionality" time="0"/>
  <testcase name="Given User &quot;johnDoe@gmail.com&quot; with password &quot;ExtreamnelyHardPa$$&quot; is registered" classname="Scenario: Char Params - Buy functionality" time="0"/>
  <testcase name="When User &quot;johnDoe@gmail.com&quot; with password &quot;ExtreamnelyHardPa$$&quot; logs in" classname="Scenario: Char Params - Buy functionality" time="0"/>
  <testcase name="And User &quot;johnDoe@gmail.com&quot; should be navigated to HomePage" classname="Scenario: Char Params - Buy functionality" time="0"/>
  <testcase name="And User &quot;johnDoe@gmail.com&quot; should be navigated to HomePage" classname="Scenario: Char Params - Buy functionality" time="0"/>
  <testcase name="When User buys 20 &quot;Iphones&quot;" classname="Scenario: Char Params - Buy functionality" time="0"/>
  <testcase name="When User buys 20 &quot;Iphones&quot;" classname="Scenario: Char Params - Buy functionality" time="0"/>
  <testcase name="Then User total should be $2000.55" classname="Scenario: Char Params - Buy functionality" time="0"/>
  <testcase name="Then User total should be $2000.55" classname="Scenario: Char Params - Buy functionality" time="0.001"/>
  <testcase name="And User credit standing should be &apos;A&apos;" classname="Scenario: Char Params - Buy functionality" time="0"/>
  <testcase name="And User credit standing should be &apos;A&apos;" classname="Scenario: Char Params - Buy functionality" time="0"/>
  <testcase name="Scenario: Char Params - Buy functionality" classname="Scenario: Char Params - Buy functionality" time="0"/>
  <testcase name="Scenario: Char Params - Buy functionality" classname="Scenario: Char Params - Buy functionality" time="0.001"/>
  <testcase name="Given User &quot;johnDoe@gmail.com&quot; with password &quot;ExtreamnelyHardPa$$&quot; is registered" classname="| 100 | Iphone | 10 | 90 |" time="0"/>
  <testcase name="When User &quot;johnDoe@gmail.com&quot; with password &quot;ExtreamnelyHardPa$$&quot; logs in" classname="| 100 | Iphone | 10 | 90 |" time="0.001"/>
  <testcase name="And User &quot;johnDoe@gmail.com&quot; should be navigated to HomePage" classname="| 100 | Iphone | 10 | 90 |" time="0"/>
  <testcase name="Given Apple Store has 100 &quot;Iphone&quot;" classname="| 100 | Iphone | 10 | 90 |" time="0"/>
  <testcase name="Given Apple Store has 100 &quot;Iphone&quot;" classname="| 100 | Iphone | 10 | 90 |" time="0"/>
  <testcase name="When User buys 10 &quot;Iphone&quot;" classname="| 100 | Iphone | 10 | 90 |" time="0"/>
  <testcase name="When User buys 10 &quot;Iphone&quot;" classname="| 100 | Iphone | 10 | 90 |" time="0"/>
  <testcase name="Then User should have 10 &quot;Iphone&quot;" classname="| 100 | Iphone | 10 | 90 |" time="0.001"/>
  <testcase name="Then User should have 10 &quot;Iphone&quot;" classname="| 100 | Iphone | 10 | 90 |" time="0"/>
  <testcase name="And Applse Store should have 90 &quot;Iphone&quot;" classname="| 100 | Iphone | 10 | 90 |" time="0"/>
  <testcase name="And Applse Store should have 90 &quot;Iphone&quot;" classname="| 100 | Iphone | 10 | 90 |" time="0"/>
  <testcase name="| 100 | Iphone | 10 | 90 |" classname="| 100 | Iphone | 10 | 90 |" time="0"/>
  <testcase name="| 100 | Iphone | 10 | 90 |" classname="| 100 | Iphone | 10 | 90 |" time="0.002"/>
  <testcase name="Given User &quot;johnDoe@gmail.com&quot; with password &quot;ExtreamnelyHardPa$$&quot; is registered" classname="| 50 | Ipad | 5 | 45 |" time="0"/>
  <testcase name="When User &quot;johnDoe@gmail.com&quot; with password &quot;ExtreamnelyHardPa$$&quot; logs in" classname="| 50 | Ipad | 5 | 45 |" time="0"/>
  <testcase name="And User &quot;johnDoe@gmail.com&quot; should be navigated to HomePage" classname="| 50 | Ipad | 5 | 45 |" time="0"/>
  <testcase name="Given Apple Store has 50 &quot;Ipad&quot;" classname="| 50 | Ipad | 5 | 45 |" time="0"/>
  <testcase name="Given Apple Store has 50 &quot;Ipad&quot;" classname="| 50 | Ipad | 5 | 45 |" time="0"/>
  <testcase name="When User buys 5 &quot;Ipad&quot;" classname="| 50 | Ipad | 5 | 45 |" time="0"/>
  <testcase name="When User buys 5 &quot;Ipad&quot;" classname="| 50 | Ipad | 5 | 45 |" time="0"/>
  <testcase name="Then User should have 5 &quot;Ipad&quot;" classname="| 50 | Ipad | 5 | 45 |" time="0.009"/>
  <testcase name="Then User should have 5 &quot;Ipad&quot;" classname="| 50 | Ipad | 5 | 45 |" time="0"/>
  <testcase name="And Applse Store should have 45 &quot;Ipad&quot;" classname="| 50 | Ipad | 5 | 45 |" time="0"/>
  <testcase name="And Applse Store should have 45 &quot;Ipad&quot;" classname="| 50 | Ipad | 5 | 45 |" time="0"/>
  <testcase name="| 50 | Ipad | 5 | 45 |" classname="| 50 | Ipad | 5 | 45 |" time="0.01"/>
  <testcase name="| 50 | Ipad | 5 | 45 |" classname="| 50 | Ipad | 5 | 45 |" time="0"/>
  <testcase name="Given User &quot;johnDoe@gmail.com&quot; with password &quot;ExtreamnelyHardPa$$&quot; is registered" classname="| 80 | Watch | 10 | 70 |" time="0"/>
  <testcase name="When User &quot;johnDoe@gmail.com&quot; with password &quot;ExtreamnelyHardPa$$&quot; logs in" classname="| 80 | Watch | 10 | 70 |" time="0.002"/>
  <testcase name="And User &quot;johnDoe@gmail.com&quot; should be navigated to HomePage" classname="| 80 | Watch | 10 | 70 |" time="0"/>
  <testcase name="Given Apple Store has 80 &quot;Watch&quot;" classname="| 80 | Watch | 10 | 70 |" time="0"/>
  <testcase name="Given Apple Store has 80 &quot;Watch&quot;" classname="| 80 | Watch | 10 | 70 |" time="0"/>
  <testcase name="When User buys 10 &quot;Watch&quot;" classname="| 80 | Watch | 10 | 70 |" time="0"/>
  <testcase name="When User buys 10 &quot;Watch&quot;" classname="| 80 | Watch | 10 | 70 |" time="0"/>
  <testcase name="Then User should have 10 &quot;Watch&quot;" classname="| 80 | Watch | 10 | 70 |" time="0"/>
  <testcase name="Then User should have 10 &quot;Watch&quot;" classname="| 80 | Watch | 10 | 70 |" time="0"/>
  <testcase name="And Applse Store should have 70 &quot;Watch&quot;" classname="| 80 | Watch | 10 | 70 |" time="0"/>
  <testcase name="And Applse Store should have 70 &quot;Watch&quot;" classname="| 80 | Watch | 10 | 70 |" time="0"/>
  <testcase name="| 80 | Watch | 10 | 70 |" classname="| 80 | Watch | 10 | 70 |" time="0"/>
  <testcase name="| 80 | Watch | 10 | 70 |" classname="| 80 | Watch | 10 | 70 |" time="0"/>
  <testcase name="Given User &quot;johnDoe@gmail.com&quot; with password &quot;ExtreamnelyHardPa$$&quot; is registered" classname="| 11 | Mac | 10 | 1 |" time="0"/>
  <testcase name="When User &quot;johnDoe@gmail.com&quot; with password &quot;ExtreamnelyHardPa$$&quot; logs in" classname="| 11 | Mac | 10 | 1 |" time="0"/>
  <testcase name="And User &quot;johnDoe@gmail.com&quot; should be navigated to HomePage" classname="| 11 | Mac | 10 | 1 |" time="0"/>
  <testcase name="Given Apple Store has 11 &quot;Mac&quot;" classname="| 11 | Mac | 10 | 1 |" time="0"/>
  <testcase name="Given Apple Store has 11 &quot;Mac&quot;" classname="| 11 | Mac | 10 | 1 |" time="0"/>
  <testcase name="When User buys 10 &quot;Mac&quot;" classname="| 11 | Mac | 10 | 1 |" time="0"/>
  <testcase name="When User buys 10 &quot;Mac&quot;" classname="| 11 | Mac | 10 | 1 |" time="0"/>
  <testcase name="Then User should have 10 &quot;Mac&quot;" classname="| 11 | Mac | 10 | 1 |" time="0"/>
  <testcase name="Then User should have 10 &quot;Mac&quot;" classname="| 11 | Mac | 10 | 1 |" time="0.001"/>
  <testcase name="And Applse Store should have 1 &quot;Mac&quot;" classname="| 11 | Mac | 10 | 1 |" time="0"/>
  <testcase name="And Applse Store should have 1 &quot;Mac&quot;" classname="| 11 | Mac | 10 | 1 |" time="0.002"/>
  <testcase name="| 11 | Mac | 10 | 1 |" classname="| 11 | Mac | 10 | 1 |" time="0"/>
  <testcase name="| 11 | Mac | 10 | 1 |" classname="| 11 | Mac | 10 | 1 |" time="0.005"/>
  <testcase name="Given User creates the invoice with amount 200.00 and name &quot;Spoon&quot;" classname="Scenario: No Data Table - Bad" time="0"/>
  <testcase name="And User creates the invoice with amount 222.00 and name &quot;Iphone&quot;" classname="Scenario: No Data Table - Bad" time="0"/>
  <testcase name="And User creates the invoice with amount 100.00 and name &quot;Ipad&quot;" classname="Scenario: No Data Table - Bad" time="0"/>
  <testcase name="And User creates the invoice with amount 100.00 and name &quot;Bike&quot;" classname="Scenario: No Data Table - Bad" time="0"/>
  <testcase name="And User creates the invoice with amount 212.00 and name &quot;Bike&quot;" classname="Scenario: No Data Table - Bad" time="0"/>
  <testcase name="When User sends the above invoices" classname="Scenario: No Data Table - Bad" time="0"/>
  <testcase name="Then User should have 4222 in total invoices report" classname="Scenario: No Data Table - Bad" time="0.001">
    <failure message="expected:&lt;4222.0&gt; but was:&lt;834.0&gt;" type="java.lang.AssertionError"><![CDATA[java.lang.AssertionError: expected:<4222.0> but was:<834.0>
]]></failure>
  </testcase>
  <testcase name="Scenario: No Data Table - Bad" classname="Scenario: No Data Table - Bad" time="0.001">
    <failure message="expected:&lt;4222.0&gt; but was:&lt;834.0&gt;" type="java.lang.AssertionError"><![CDATA[java.lang.AssertionError: expected:<4222.0> but was:<834.0>
]]></failure>
  </testcase>
  <testcase name="Given the following invoices are created" classname="Scenario: Data Table - DataTable -&gt; List&lt;Map&lt;String, String&gt;&gt;" time="0.001"/>
  <testcase name="When User sends the above invoices" classname="Scenario: Data Table - DataTable -&gt; List&lt;Map&lt;String, String&gt;&gt;" time="0"/>
  <testcase name="Then User should have 522 in total invoices report" classname="Scenario: Data Table - DataTable -&gt; List&lt;Map&lt;String, String&gt;&gt;" time="0"/>
  <testcase name="Scenario: Data Table - DataTable -&gt; List&lt;Map&lt;String, String&gt;&gt;" classname="Scenario: Data Table - DataTable -&gt; List&lt;Map&lt;String, String&gt;&gt;" time="0"/>
  <testcase name="Given the following invoices are created map" classname="Scenario: Data Table - List&lt;Map&lt;String, String&gt;&gt; right away" time="0"/>
  <testcase name="When User sends the above invoices" classname="Scenario: Data Table - List&lt;Map&lt;String, String&gt;&gt; right away" time="0"/>
  <testcase name="Then User should have 522 in total invoices report" classname="Scenario: Data Table - List&lt;Map&lt;String, String&gt;&gt; right away" time="0.001"/>
  <testcase name="Scenario: Data Table - List&lt;Map&lt;String, String&gt;&gt; right away" classname="Scenario: Data Table - List&lt;Map&lt;String, String&gt;&gt; right away" time="0.001"/>
  <testcase name="Given the following invoices are created object" classname="Scenario: Data Table - List&lt;Object&gt; right away. In this case List&lt;Invoice&gt; invoices" time="0"/>
  <testcase name="When User sends the above invoices" classname="Scenario: Data Table - List&lt;Object&gt; right away. In this case List&lt;Invoice&gt; invoices" time="0"/>
  <testcase name="Then User should have 522 in total invoices report" classname="Scenario: Data Table - List&lt;Object&gt; right away. In this case List&lt;Invoice&gt; invoices" time="0"/>
  <testcase name="Scenario: Data Table - List&lt;Object&gt; right away. In this case List&lt;Invoice&gt; invoices" classname="Scenario: Data Table - List&lt;Object&gt; right away. In this case List&lt;Invoice&gt; invoices" time="0"/>
  <testcase name="Given User JohnDoe with password abc123 is registered" classname="Scenario: Login with valid username and valid password" time="0"/>
  <testcase name="When User JohnDoe with password abc123 logs in" classname="Scenario: Login with valid username and valid password" time="0"/>
  <testcase name="Then User JohnDoe should be navigated to HomePage" classname="Scenario: Login with valid username and valid password" time="0"/>
  <testcase name="Scenario: Login with valid username and valid password" classname="Scenario: Login with valid username and valid password" time="0.003"/>
  <testcase name="Given User JohnDoe with password abc123 is registered" classname="Scenario: Login with valid username and invalid password" time="0"/>
  <testcase name="When User JohnDoe with password wrongPass logs in" classname="Scenario: Login with valid username and invalid password" time="0"/>
  <testcase name="Then User should be given login error message" classname="Scenario: Login with valid username and invalid password" time="0"/>
  <testcase name="Scenario: Login with valid username and invalid password" classname="Scenario: Login with valid username and invalid password" time="0"/>
  <testcase name="Given User tim@apple.com with password timceo is registered" classname="Scenario: Login with valid work email and weak password" time="0"/>
  <testcase name="When User tim@apple.com with password timceo logs in" classname="Scenario: Login with valid work email and weak password" time="0"/>
  <testcase name="Then User time@apple.com should be navigated to HomePage" classname="Scenario: Login with valid work email and weak password" time="0"/>
  <testcase name="Scenario: Login with valid work email and weak password" classname="Scenario: Login with valid work email and weak password" time="0.003"/>
  <testcase name="Given User test@gmail.com with password somePss is registered" classname="Scenario: Login Gmail" time="0">
    <skipped/>
    <system-out><![CDATA[Setup some tests
Second Setup

  Scenario: Login with valid work email and weak password       &amp#27;[90m# features/First.feature:20&amp#27;[0m
    &amp#27;[32mGiven &amp#27;[0m&amp#27;[32mUser tim@apple.com with password timceo is registered&amp#27;[0m &amp#27;[90m# FirstStepDef.userTimAppleComWithPasswordTimceoIsRegistered()&amp#27;[0m
    &amp#27;[32mWhen &amp#27;[0m&amp#27;[32mUser tim@apple.com with password timceo logs in&amp#27;[0m        &amp#27;[90m# FirstStepDef.userTimAppleComWithPasswordTimceoLogsIn()&amp#27;[0m
    &amp#27;[32mThen &amp#27;[0m&amp#27;[32mUser time@apple.com should be navigated to HomePage&amp#27;[0m    &amp#27;[90m# FirstStepDef.userTimeAppleComShouldBeNavigatedToHomePage()&amp#27;[0m
]]></system-out>
  </testcase>
  <testcase name="When User test@gmail.com with password somePss logs in" classname="Scenario: Login Gmail" time="0">
    <skipped/>
  </testcase>
  <testcase name="Then User test@gmail.com should be navigated to HomePage" classname="Scenario: Login Gmail" time="0">
    <skipped/>
  </testcase>
  <testcase name="Scenario: Login Gmail" classname="Scenario: Login Gmail" time="0">
    <skipped/>
    <system-out><![CDATA[Cleaning up after test
]]></system-out>
  </testcase>
  <testcase name="Scenario: Login Gmail" classname="Scenario: Login Gmail" time="0.012"/>
  <testcase name="Given User &quot;tim@apple.com&quot; with password &quot;timceo&quot; is registered" classname="Scenario: Login with params" time="0"/>
  <testcase name="When User &quot;tim@apple.com&quot; with password &quot;timceo&quot; logs in" classname="Scenario: Login with params" time="0"/>
  <testcase name="Then User &quot;time@apple.com&quot; should be navigated to HomePage" classname="Scenario: Login with params" time="0"/>
  <testcase name="Scenario: Login with params" classname="Scenario: Login with params" time="0.001"/>
  <testcase name="Given User &quot;johnDoe@gmail.com&quot; with password &quot;ExtreamnelyHardPa$$&quot; is registered" classname="Scenario: Login with params 2" time="0"/>
  <testcase name="When User &quot;johnDoe@gmail.com&quot; with password &quot;ExtreamnelyHardPa$$&quot; logs in" classname="Scenario: Login with params 2" time="0"/>
  <testcase name="Then User &quot;johnDoe@gmail.com&quot; should be navigated to HomePage" classname="Scenario: Login with params 2" time="0"/>
  <testcase name="Scenario: Login with params 2" classname="Scenario: Login with params 2" time="0"/>
  <testcase name="Given User &quot;bill@outlook.com&quot; with password &quot;helloWorld123&quot; is registered" classname="Scenario: Negative" time="0"/>
  <testcase name="When User &quot;bill@outlook.com&quot; with password &quot;1242World&quot; logs in" classname="Scenario: Negative" time="0"/>
  <testcase name="Then User should be given login error message" classname="Scenario: Negative" time="0"/>
  <testcase name="Scenario: Negative" classname="Scenario: Negative" time="0"/>
  <testcase name="And User &quot;johnDoe@gmail.com&quot; with password &quot;ExtreamnelyHardPa$$&quot; logs in" classname="Scenario: Double Params - Buy functionality" time="0"/>
  <testcase name="And User &quot;johnDoe@gmail.com&quot; with password &quot;ExtreamnelyHardPa$$&quot; logs in" classname="Scenario: Char Params - Buy functionality" time="0"/>
  <testcase name="Given Apple Store has 100 &quot;Iphone&quot;" classname="Scenario: 1" time="0"/>
  <testcase name="When User buys 10 &quot;Iphone&quot;" classname="Scenario: 1" time="0"/>
  <testcase name="Then User should have 10 &quot;Iphone&quot;" classname="Scenario: 1" time="0"/>
  <testcase name="And Applse Store should have 90 &quot;Iphone&quot;" classname="Scenario: 1" time="0"/>
  <testcase name="Scenario: 1" classname="Scenario: 1" time="0.001"/>
  <testcase name="Given Apple Store has 50 &quot;Ipads&quot;" classname="Scenario: 2" time="0"/>
  <testcase name="When User buys 5 &quot;Ipads&quot;" classname="Scenario: 2" time="0"/>
  <testcase name="Then User should have 5 &quot;Ipads&quot;" classname="Scenario: 2" time="0.001"/>
  <testcase name="And Applse Store should have 45 &quot;Ipads&quot;" classname="Scenario: 2" time="0"/>
  <testcase name="Scenario: 2" classname="Scenario: 2" time="0.002"/>
  <testcase name="Given Apple Store has 80 &quot;Watches&quot;" classname="Scenario: 3" time="0"/>
  <testcase name="When User buys 10 &quot;Watches&quot;" classname="Scenario: 3" time="0"/>
  <testcase name="Then User should have 10 &quot;Iphones&quot;" classname="Scenario: 3" time="0"/>
  <testcase name="And Applse Store should have 70 &quot;Watches&quot;" classname="Scenario: 3" time="0"/>
  <testcase name="Scenario: 3" classname="Scenario: 3" time="0"/>
  <testcase name="Given Apple Store has 11 &quot;Mac&quot;" classname="Scenario: 4" time="0"/>
  <testcase name="When User buys 10 &quot;Mac&quot;" classname="Scenario: 4" time="0.001"/>
  <testcase name="Then User should have 10 &quot;Mac&quot;" classname="Scenario: 4" time="0"/>
  <testcase name="And Applse Store should have 1 &quot;Mac&quot;" classname="Scenario: 4" time="0"/>
  <testcase name="Scenario: 4" classname="Scenario: 4" time="0.001"/>
</testsuite>